<?xml version="1.0" encoding="UTF-8"?>
<testng-results ignored="0" total="1" passed="1" failed="0" skipped="0">
  <reporter-output>
  </reporter-output>
  <suite started-at="2022-11-15T18:18:25 EET" name="Default suite" finished-at="2022-11-15T18:18:32 EET" duration-ms="7198">
    <groups>
    </groups>
    <test started-at="2022-11-15T18:18:25 EET" name="Default test" finished-at="2022-11-15T18:18:32 EET" duration-ms="7198">
      <class name="testng_first.Test_class">
        <test-method is-config="true" signature="login()[pri:0, instance:testng_first.Test_class@3c7f66c4]" started-at="2022-11-15T18:18:25 EET" name="login" finished-at="2022-11-15T18:18:32 EET" duration-ms="7177" status="PASS">
          <reporter-output>
          </reporter-output>
        </test-method> <!-- login -->
        <test-method signature="The_titleTest()[pri:0, instance:testng_first.Test_class@3c7f66c4]" started-at="2022-11-15T18:18:32 EET" name="The_titleTest" finished-at="2022-11-15T18:18:32 EET" duration-ms="3" status="PASS">
          <reporter-output>
          </reporter-output>
        </test-method> <!-- The_titleTest -->
      </class> <!-- testng_first.Test_class -->
    </test> <!-- Default test -->
  </suite> <!-- Default suite -->
</testng-results>
